<?xml version="1.0" encoding="UTF-8"?>
<testsuite xmlns:xsi="http://www.w3.org/2001/XMLSchema-instance" xsi:noNamespaceSchemaLocation="https://maven.apache.org/surefire/maven-surefire-plugin/xsd/surefire-test-report-3.0.xsd" version="3.0" name="edu.ntnu.stud.controller.SettingFillerTest" time="0.01" tests="3" errors="0" skipped="0" failures="0">
  <properties>
[...]
</properties>
  <testcase name="testGetDescriptionAsArrayWithAffineTransformation" classname="edu.ntnu.stud.controller.SettingFillerTest" time="0.005"/>
  <testcase name="testGetDescriptionAsArrayWithJuliaTransformation" classname="edu.ntnu.stud.controller.SettingFillerTest" time="0.001"/>
  <testcase name="testGetDescriptionAsArrayWithMultipleTransformations" classname="edu.ntnu.stud.controller.SettingFillerTest" time="0.001"/>
</testsuite>