<?xml version="1.0" encoding="UTF-8"?>
<testsuite xmlns:xsi="http://www.w3.org/2001/XMLSchema-instance" xsi:noNamespaceSchemaLocation="https://maven.apache.org/surefire/maven-surefire-plugin/xsd/surefire-test-report-3.0.xsd" version="3.0" name="no.ntnu.idatt1005.data.TagTest$NegativeTests" time="0.003" tests="4" errors="0" skipped="0" failures="0">
  <properties>
[...]
</properties>
  <testcase name="testConstructorNullName" classname="no.ntnu.idatt1005.data.TagTest$NegativeTests" time="0"/>
  <testcase name="testConstructorEmptyName" classname="no.ntnu.idatt1005.data.TagTest$NegativeTests" time="0.001"/>
  <testcase name="testConstructorEmptyCategory" classname="no.ntnu.idatt1005.data.TagTest$NegativeTests" time="0.001"/>
  <testcase name="testConstructorNullCategory" classname="no.ntnu.idatt1005.data.TagTest$NegativeTests" time="0.001"/>
</testsuite>